<?xml version="1.0" encoding="UTF-8"?>
<!-- Generated by org.testng.reporters.JUnitReportReporter -->
<testsuite hostname="Arams-MBP-2" name="test2" tests="1" failures="0" timestamp="4 Feb 2018 23:30:42 GMT" time="8.009" errors="0">
  <testcase name="testTwo" time="8.009" classname="test2"/>
</testsuite> <!-- test2 -->
